[handleMsg]:  {
  key: {
    remoteJid: '51934050141@s.whatsapp.net',
    fromMe: false,
    id: 'E4FCE3D179A3462A5675F35F5EAF3F08',
    participant: undefined
  },
  messageTimestamp: 1708365517,
  pushName: 'Viery♡',
  broadcast: false,
  messageStubType: 2,
  messageStubParameters: [ 'Message absent from node' ],
  body: undefined,
  from: '51934050141'
}
[handleMsg]:  {
  key: {
    remoteJid: '51934050141@s.whatsapp.net',
    fromMe: false,
    id: 'E4FCE3D179A3462A5675F35F5EAF3F08',
    participant: undefined
  },
  messageTimestamp: 1708365518,
  pushName: 'Viery♡',
  broadcast: false,
  message: Message {
    extendedTextMessage: ExtendedTextMessage {
      text: 'Viery Benavides Asca \n' +
        '934050141\n' +
        'Ramo de Astromelias \n' +
        '19/02/2023\n' +
        'Turno 3\n' +
        'San Juan de Miraflores \n' +
        'Av. Tomas guzmán 569\n' +
        'https://maps.app.goo.gl/Dka47DcBMUoLS5hA9\n' +
        'Blanca\n' +
        '934050141\n' +
        '\n' +
        'Para Gina y Emily: Las extrañé mucho, las quiere: Viery ❤️',
      matchedText: 'https://maps.app.goo.gl/Dka47DcBMUoLS5hA9',
      description: 'Av Tomás Guzmán 569, San Juan de Miraflores 15824',
      title: 'Av Tomás Guzmán 569 · Av Tomás Guzmán 569, San Juan de Miraflores 15824',
      previewType: 0,
      inviteLinkGroupTypeV2: 0
    },
    messageContextInfo: MessageContextInfo {
      deviceListMetadata: [DeviceListMetadata],
      deviceListMetadataVersion: 2,
      messageSecret: [Uint8Array]
    }
  },
  body: 'Viery Benavides Asca \n' +
    '934050141\n' +
    'Ramo de Astromelias \n' +
    '19/02/2023\n' +
    'Turno 3\n' +
    'San Juan de Miraflores \n' +
    'Av. Tomas guzmán 569\n' +
    'https://maps.app.goo.gl/Dka47DcBMUoLS5hA9\n' +
    'Blanca\n' +
    '934050141\n' +
    '\n' +
    'Para Gina y Emily: Las extrañé mucho, las quiere: Viery ❤️',
  from: '51934050141'
}
[handleMsg]:  {
  key: {
    remoteJid: '51923725619@s.whatsapp.net',
    fromMe: false,
    id: 'DC33E34E976A1A8C85AAB75EC5AE08C7',
    participant: undefined
  },
  messageTimestamp: 1708365724,
  pushName: 'Maycol',
  broadcast: false,
  messageStubType: 2,
  messageStubParameters: [ 'Message absent from node' ],
  body: undefined,
  from: '51923725619'
}
[handleMsg]:  {
  key: {
    remoteJid: '51923725619@s.whatsapp.net',
    fromMe: false,
    id: 'DC33E34E976A1A8C85AAB75EC5AE08C7',
    participant: undefined
  },
  messageTimestamp: 1708365724,
  pushName: 'Maycol',
  broadcast: false,
  message: Message {
    extendedTextMessage: ExtendedTextMessage {
      text: 'Hola Lidia florería, quiero realizar un pedido.',
      previewType: 0,
      contextInfo: [ContextInfo],
      inviteLinkGroupTypeV2: 0
    },
    messageContextInfo: MessageContextInfo {
      deviceListMetadata: [DeviceListMetadata],
      deviceListMetadataVersion: 2
    }
  },
  body: 'Hola Lidia florería, quiero realizar un pedido.',
  from: '51923725619'
}
[handleMsg]:  {
  key: {
    remoteJid: '51952118372@s.whatsapp.net',
    fromMe: false,
    id: 'B8434EC35E7A58D2E819AFADE1530D42',
    participant: undefined
  },
  messageTimestamp: 1708365734,
  pushName: 'Erick',
  broadcast: false,
  message: Message {
    conversation: 'Cómo es el envío?',
    messageContextInfo: MessageContextInfo {
      deviceListMetadata: [DeviceListMetadata],
      deviceListMetadataVersion: 2
    }
  },
  body: 'Cómo es el envío?',
  from: '51952118372'
}
[handleMsg]:  {
  key: {
    remoteJid: '51948415912@s.whatsapp.net',
    fromMe: false,
    id: 'A6A86C9CFA862AEDF42336AC910A62BB',
    participant: undefined
  },
  messageTimestamp: 1708365745,
  pushName: 'Oscar Felix',
  broadcast: false,
  message: Message {
    conversation: 'Buenas tardes sigo a la espera del reembolso',
    messageContextInfo: MessageContextInfo {
      deviceListMetadata: [DeviceListMetadata],
      deviceListMetadataVersion: 2
    }
  },
  body: 'Buenas tardes sigo a la espera del reembolso',
  from: '51948415912'
}
[handleMsg]:  {
  key: {
    remoteJid: '51923725619@s.whatsapp.net',
    fromMe: false,
    id: 'A3F9C024E4710994319EB40CA0B3E263',
    participant: undefined
  },
  messageTimestamp: 1708365746,
  pushName: 'Maycol',
  broadcast: false,
  message: Message {
    conversation: 'Cbt',
    messageContextInfo: MessageContextInfo {
      deviceListMetadata: [DeviceListMetadata],
      deviceListMetadataVersion: 2
    }
  },
  body: 'Cbt',
  from: '51923725619'
}
[QUEUE_SE_ENVIO]:  {
  ref: 'ans_86296ed7-61d8-43c5-9b43-4476f49accce',
  keyword: 'key_2e12634b-e45e-4479-a1e6-440d5d0f759a',
  answer: 'Hola qué tal, gracias por contactar a Lidia Florería 💐',
  options: {
    media: null,
    buttons: [],
    capture: false,
    child: null,
    delay: 0,
    idle: null,
    ref: null,
    nested: [],
    keyword: {},
    callback: false
  },
  refSerialize: 'e802eeaccf0a5084a9e28438b2bf2d5b'
}
[QUEUE_SE_ENVIO]:  {
  ref: 'ans_ffdf45f4-82f0-4ace-9e4d-e940fcbfe9f1',
  keyword: 'ans_86296ed7-61d8-43c5-9b43-4476f49accce',
  answer: 'Tenemos estos 3 productos con el 60% de descuento solo por tiempo limitado, elige tu favorito!!💐',
  options: {
    media: null,
    buttons: [],
    capture: false,
    child: null,
    delay: 0,
    idle: null,
    ref: null,
    nested: [],
    keyword: {},
    callback: false
  },
  refSerialize: '95b3dc804b945501f13e1294bc9e70cc'
}
[QUEUE_SE_ENVIO]:  {
  ref: 'ans_ecd3733b-32b0-4db1-8c65-8f75be8e5967',
  keyword: 'ans_ffdf45f4-82f0-4ace-9e4d-e940fcbfe9f1',
  answer: '*Promo 1*',
  options: {
    media: 'https://firebasestorage.googleapis.com/v0/b/app-kyrios.appspot.com/o/LIQUIDACION%201.png?alt=media&token=c8433d48-bc36-4566-b0ae-bca82a4f99ef',
    buttons: [],
    capture: false,
    child: null,
    delay: 0,
    idle: null,
    ref: null,
    nested: [],
    keyword: {},
    callback: false
  },
  refSerialize: '01f95edf7a361acf72b4a6c48a84e94b'
}
[QUEUE_SE_ENVIO]:  {
  ref: 'ans_3a658f2c-7ece-4c7a-ac5a-88627a8053e6',
  keyword: 'ans_ecd3733b-32b0-4db1-8c65-8f75be8e5967',
  answer: '*Promo 2*',
  options: {
    media: 'https://firebasestorage.googleapis.com/v0/b/app-kyrios.appspot.com/o/LIQUIDACION%202.png?alt=media&token=5495ae4d-281a-485b-a472-42700e01eca9',
    buttons: [],
    capture: false,
    child: null,
    delay: 0,
    idle: null,
    ref: null,
    nested: [],
    keyword: {},
    callback: false
  },
  refSerialize: '30a1e05d2ae0ec0780a8b2fb0e17a77a'
}
[QUEUE_SE_ENVIO]:  {
  ref: 'ans_c4fe5aa1-8418-4b35-9fc6-116bf1d62a38',
  keyword: 'ans_3a658f2c-7ece-4c7a-ac5a-88627a8053e6',
  answer: '*Promo 3*',
  options: {
    media: 'https://firebasestorage.googleapis.com/v0/b/app-kyrios.appspot.com/o/LIQUIDACION%203.png?alt=media&token=fe50f78e-d51f-47d2-b30f-184fa9fe3b71',
    buttons: [],
    capture: false,
    child: null,
    delay: 0,
    idle: null,
    ref: null,
    nested: [],
    keyword: {},
    callback: false
  },
  refSerialize: 'fc11bf84314b672aeae888bcbf4822a5'
}
[QUEUE_SE_ENVIO]:  {
  ref: 'ans_6e79c9cb-220e-4af5-9ac9-c03c17307d88',
  keyword: 'ans_c4fe5aa1-8418-4b35-9fc6-116bf1d62a38',
  answer: '¿Cuál promoción te gustaría comprar? \n' +
    '\n' +
    '*0* Si quieres comunicarte con un asistente en línea 👨🏻‍💻\n' +
    '*(Escribe alguna opción del 0 al 3)*',
  options: {
    media: null,
    buttons: [],
    capture: false,
    child: null,
    delay: 0,
    idle: null,
    ref: null,
    nested: [
      [Object], [Object],
      [Object], [Object],
      [Object], [Object],
      [Object], [Object],
      [Object], [Object],
      [Object], [Object],
      [Object], [Object],
      [Object], [Object]
    ],
    keyword: {},
    callback: false
  },
  refSerialize: '3cede5dc92ed305a95795ed96fb470ae'
}
[handleMsg]:  {
  key: {
    remoteJid: '51934050141@s.whatsapp.net',
    fromMe: false,
    id: '1E2947EAA2F8C30DF29C2E2D33931573',
    participant: undefined
  },
  messageTimestamp: 1708365807,
  pushName: 'Viery♡',
  broadcast: false,
  message: Message {
    conversation: 'Gracias',
    messageContextInfo: MessageContextInfo {
      deviceListMetadata: [DeviceListMetadata],
      deviceListMetadataVersion: 2
    }
  },
  body: 'Gracias',
  from: '51934050141'
}
[handleMsg]:  {
  key: {
    remoteJid: '51923725619@s.whatsapp.net',
    fromMe: false,
    id: '182AC39C5FFF50A2DEDB4E9B4DB56C3A',
    participant: undefined
  },
  messageTimestamp: 1708365810,
  pushName: 'Maycol',
  broadcast: false,
  message: Message {
    conversation: 'Y las promociones con collares y otros?',
    messageContextInfo: MessageContextInfo {
      deviceListMetadata: [DeviceListMetadata],
      deviceListMetadataVersion: 2
    }
  },
  body: 'Y las promociones con collares y otros?',
  from: '51923725619'
}
[handleMsg]:  {
  key: {
    remoteJid: '51953488583@s.whatsapp.net',
    fromMe: false,
    id: '7913F8275E39C2A2F16FA3C139EC207E',
    participant: undefined
  },
  messageTimestamp: 1708365842,
  pushName: 'ㅤ',
  broadcast: false,
  messageStubType: 2,
  messageStubParameters: [ 'Message absent from node' ],
  body: undefined,
  from: '51953488583'
}
[handleMsg]:  {
  key: {
    remoteJid: '51953488583@s.whatsapp.net',
    fromMe: false,
    id: '7913F8275E39C2A2F16FA3C139EC207E',
    participant: undefined
  },
  messageTimestamp: 1708365843,
  pushName: 'ㅤ',
  broadcast: false,
  message: Message {
    extendedTextMessage: ExtendedTextMessage {
      text: '¡Hola! Vengo de fb/ig y quiero realizar un pedido.',
      previewType: 0,
      contextInfo: [ContextInfo],
      inviteLinkGroupTypeV2: 0
    },
    messageContextInfo: MessageContextInfo {
      deviceListMetadata: [DeviceListMetadata],
      deviceListMetadataVersion: 2
    }
  },
  body: '¡Hola! Vengo de fb/ig y quiero realizar un pedido.',
  from: '51953488583'
}
